::1 - - [06/Nov/2020:13:09:06 +0000] "GET /api/persons/1 HTTP/1.1" 304 -
::1 - - [06/Nov/2020:13:09:07 +0000] "GET /api/persons/1 HTTP/1.1" 304 -
::1 - - [06/Nov/2020:13:09:08 +0000] "GET /api/persons/1 HTTP/1.1" 304 -
::1 - - [06/Nov/2020:13:09:17 +0000] "GET /api/persons/2 HTTP/1.1" 200 55
::1 - - [06/Nov/2020:13:09:46 +0000] "GET /api/persons/2 HTTP/1.1" 304 -
::1 - - [06/Nov/2020:13:09:49 +0000] "GET /api/persons/2 HTTP/1.1" 304 -
::1 - - [06/Nov/2020:13:09:50 +0000] "GET /api/persons/2 HTTP/1.1" 304 -
::1 - - [06/Nov/2020:13:10:33 +0000] "GET /api/persons/2 HTTP/1.1" 304 -
::1 - - [06/Nov/2020:13:10:36 +0000] "GET /api/persons/2 HTTP/1.1" 304 -
::1 - - [06/Nov/2020:13:10:36 +0000] "GET /api/persons/2 HTTP/1.1" 304 -
::1 - - [06/Nov/2020:13:10:43 +0000] "GET /api/persons HTTP/1.1" 304 -
::1 - - [06/Nov/2020:13:10:55 +0000] "GET /api/persons HTTP/1.1" 304 -
::1 - - [06/Nov/2020:13:11:59 +0000] "GET /api/persons HTTP/1.1" 304 -
::1 - - [06/Nov/2020:13:12:06 +0000] "GET /api/1 HTTP/1.1" 404 144
::1 - - [06/Nov/2020:13:12:17 +0000] "GET /api/persons HTTP/1.1" 304 -
::1 - - [06/Nov/2020:13:12:22 +0000] "GET /api/persons/1 HTTP/1.1" 304 -
::1 - - [06/Nov/2020:13:14:35 +0000] "GET /api/persons/1 HTTP/1.1" 304 -
::1 - - [06/Nov/2020:13:20:12 +0000] "GET /api/persons/1 HTTP/1.1" - -
::1 - - [06/Nov/2020:13:20:22 +0000] "GET /api/persons/1 HTTP/1.1" 200 51
::1 - - [06/Nov/2020:13:20:24 +0000] "GET /api/persons/1 HTTP/1.1" 304 -
::1 - - [06/Nov/2020:13:20:25 +0000] "GET /api/persons/1 HTTP/1.1" 304 -
::1 - - [06/Nov/2020:13:20:26 +0000] "GET /api/persons/1 HTTP/1.1" 304 -
::1 - - [06/Nov/2020:13:20:27 +0000] "GET /api/persons/1 HTTP/1.1" 304 -
::1 - - [06/Nov/2020:13:20:27 +0000] "GET /api/persons/1 HTTP/1.1" 304 -
::1 - - [06/Nov/2020:13:20:27 +0000] "GET /api/persons/1 HTTP/1.1" 304 -
::1 - - [06/Nov/2020:13:20:54 +0000] "GET /api/persons/1 HTTP/1.1" 304 -
::1 - - [06/Nov/2020:13:20:56 +0000] "GET /api/persons/1 HTTP/1.1" 304 -
::1 - - [06/Nov/2020:13:20:56 +0000] "GET /api/persons/1 HTTP/1.1" 304 -
::1 - - [06/Nov/2020:13:20:57 +0000] "GET /api/persons/1 HTTP/1.1" 304 -
::1 - - [06/Nov/2020:13:23:17 +0000] "GET /api/persons/1 HTTP/1.1" 304 -
::ffff:127.0.0.1 - - [06/Nov/2020:13:23:29 +0000] "GET /api/persons/1 HTTP/1.1" 304 -
::ffff:127.0.0.1 - - [06/Nov/2020:13:23:31 +0000] "GET /api/persons/1 HTTP/1.1" 304 -
::1 - - [06/Nov/2020:13:23:45 +0000] "GET /api/persons HTTP/1.1" 200 163
::1 - - [06/Nov/2020:13:27:52 +0000] "GET /api/persons HTTP/1.1" 304 -
::1 - - [06/Nov/2020:13:28:02 +0000] "GET /api/persons HTTP/1.1" 304 -
::1 - - [06/Nov/2020:13:28:03 +0000] "GET /api/persons HTTP/1.1" 304 -
::1 - - [06/Nov/2020:13:28:04 +0000] "GET /api/persons HTTP/1.1" 304 -
::1 - - [06/Nov/2020:13:28:04 +0000] "GET /api/persons HTTP/1.1" 304 -
::1 - - [06/Nov/2020:13:28:15 +0000] "GET /api/1 HTTP/1.1" 404 144
::1 - - [06/Nov/2020:13:28:26 +0000] "GET /api/persons HTTP/1.1" 304 -
::1 - - [06/Nov/2020:13:28:30 +0000] "GET /api/persons/1 HTTP/1.1" 304 -
::1 - - [06/Nov/2020:13:30:35 +0000] "GET /api/persons/1 HTTP/1.1" 304 -
::1 - - [06/Nov/2020:13:31:02 +0000] "GET /api/persons/1 HTTP/1.1" 304 -
::1 - - [06/Nov/2020:13:31:46 +0000] "GET /api/persons/1 HTTP/1.1" 304 -
::1 - - [06/Nov/2020:13:32:31 +0000] "GET /api/persons/1 HTTP/1.1" 304 -
::1 - - [06/Nov/2020:13:32:33 +0000] "GET /api/persons/1 HTTP/1.1" 304 -
::1 - - [06/Nov/2020:13:32:34 +0000] "GET /api/persons/1 HTTP/1.1" 304 -
::1 - - [06/Nov/2020:13:32:34 +0000] "GET /api/persons/1 HTTP/1.1" 304 -
::1 - - [06/Nov/2020:13:34:27 +0000] "GET /api/persons/1 HTTP/1.1" 304 -
::1 - - [06/Nov/2020:13:34:37 +0000] "GET /api/persons/1 HTTP/1.1" 304 -
::1 - - [06/Nov/2020:13:34:39 +0000] "GET /api/persons/1 HTTP/1.1" 304 -
::1 - - [06/Nov/2020:13:34:39 +0000] "GET /api/persons/1 HTTP/1.1" 304 -
::1 - - [06/Nov/2020:13:35:12 +0000] "GET /api/persons/1 HTTP/1.1" - -
::1 - - [06/Nov/2020:13:35:17 +0000] "GET /api/persons/1 HTTP/1.1" - -
::1 - - [06/Nov/2020:13:35:21 +0000] "GET /api/persons HTTP/1.1" - -
::1 - - [06/Nov/2020:13:36:41 +0000] "GET /api/persons HTTP/1.1" 200 163
::1 - - [06/Nov/2020:13:37:13 +0000] "GET /api/persons HTTP/1.1" 304 -
::1 - - [06/Nov/2020:13:38:59 +0000] "GET /api/persons HTTP/1.1" 304 -
::1 - - [06/Nov/2020:13:40:13 +0000] "GET /api/persons HTTP/1.1" 304 -
::1 - - [06/Nov/2020:13:40:27 +0000] "GET /api/persons HTTP/1.1" 304 -
::1 - - [06/Nov/2020:13:41:25 +0000] "GET /api/persons HTTP/1.1" 304 -
::1 - - [06/Nov/2020:13:41:27 +0000] "GET /api/persons HTTP/1.1" 304 -
::1 - - [06/Nov/2020:13:42:09 +0000] "GET /api/persons HTTP/1.1" 304 -
::1 - - [06/Nov/2020:13:43:07 +0000] "GET /api/persons HTTP/1.1" 304 -
::1 - - [06/Nov/2020:13:43:08 +0000] "GET /api/persons HTTP/1.1" 304 -
::1 - - [06/Nov/2020:13:43:09 +0000] "GET /api/persons HTTP/1.1" 304 -
::1 - - [06/Nov/2020:13:43:29 +0000] "GET /api/persons HTTP/1.1" 304 -
::1 - - [06/Nov/2020:13:43:55 +0000] "GET /api/persons HTTP/1.1" 304 -
::1 - - [06/Nov/2020:13:45:31 +0000] "GET /api/persons HTTP/1.1" 304 -
::1 - - [06/Nov/2020:13:45:32 +0000] "GET /api/persons HTTP/1.1" 304 -
